<?xml version="1.0" encoding="UTF-8"?>
<testsuite name="cl.price.core.adapters.controllers.PriceControllerTest" tests="5" skipped="0" failures="0" errors="0" timestamp="2022-03-22T13:17:23" hostname="DESKTOP-IUPB6SR" time="0.595">
  <properties/>
  <testcase name="When PriceControllerTest is called queryPrice should return a not found exception" classname="cl.price.core.adapters.controllers.PriceControllerTest" time="0.414"/>
  <testcase name="When PriceControllerTest is called queryPrice should return a bad request for missing header" classname="cl.price.core.adapters.controllers.PriceControllerTest" time="0.027"/>
  <testcase name="When PriceControllerTest is called queryPrice should return a response ok with a product" classname="cl.price.core.adapters.controllers.PriceControllerTest" time="0.108"/>
  <testcase name="When PriceControllerTest is called queryPrice should return a not found exception" classname="cl.price.core.adapters.controllers.PriceControllerTest" time="0.018"/>
  <testcase name="When PriceControllerTest is called queryPrice should return a bad request for missing header" classname="cl.price.core.adapters.controllers.PriceControllerTest" time="0.016"/>
  <system-out><![CDATA[2022-03-22 10:17:22.705  INFO 5964 --- [    Test worker] .b.t.a.w.s.WebMvcTestContextBootstrapper : Neither @ContextConfiguration nor @ContextHierarchy found for test class [cl.price.core.adapters.controllers.PriceControllerTest], using SpringBootContextLoader
2022-03-22 10:17:22.706  INFO 5964 --- [    Test worker] o.s.t.c.support.AbstractContextLoader    : Could not detect default resource locations for test class [cl.price.core.adapters.controllers.PriceControllerTest]: no resource found for suffixes {-context.xml, Context.groovy}.
2022-03-22 10:17:22.706  INFO 5964 --- [    Test worker] t.c.s.AnnotationConfigContextLoaderUtils : Could not detect default configuration classes for test class [cl.price.core.adapters.controllers.PriceControllerTest]: PriceControllerTest does not declare any static, non-private, non-final, nested classes annotated with @Configuration.
2022-03-22 10:17:22.754  INFO 5964 --- [    Test worker] .b.t.c.SpringBootTestContextBootstrapper : Found @SpringBootConfiguration cl.price.core.Application for test class cl.price.core.adapters.controllers.PriceControllerTest
2022-03-22 10:17:22.756  INFO 5964 --- [    Test worker] .b.t.a.w.s.WebMvcTestContextBootstrapper : Loaded default TestExecutionListener class names from location [META-INF/spring.factories]: [org.springframework.boot.test.autoconfigure.restdocs.RestDocsTestExecutionListener, org.springframework.boot.test.autoconfigure.web.client.MockRestServiceServerResetTestExecutionListener, org.springframework.boot.test.autoconfigure.web.servlet.MockMvcPrintOnlyOnFailureTestExecutionListener, org.springframework.boot.test.autoconfigure.web.servlet.WebDriverTestExecutionListener, org.springframework.boot.test.autoconfigure.webservices.client.MockWebServiceServerTestExecutionListener, org.springframework.boot.test.mock.mockito.MockitoTestExecutionListener, org.springframework.boot.test.mock.mockito.ResetMocksTestExecutionListener, org.springframework.test.context.web.ServletTestExecutionListener, org.springframework.test.context.support.DirtiesContextBeforeModesTestExecutionListener, org.springframework.test.context.event.ApplicationEventsTestExecutionListener, org.springframework.test.context.support.DependencyInjectionTestExecutionListener, org.springframework.test.context.support.DirtiesContextTestExecutionListener, org.springframework.test.context.transaction.TransactionalTestExecutionListener, org.springframework.test.context.jdbc.SqlScriptsTestExecutionListener, org.springframework.test.context.event.EventPublishingTestExecutionListener]
2022-03-22 10:17:22.758  INFO 5964 --- [    Test worker] .b.t.a.w.s.WebMvcTestContextBootstrapper : Using TestExecutionListeners: [org.springframework.test.context.web.ServletTestExecutionListener@57d8d5ed, org.springframework.test.context.support.DirtiesContextBeforeModesTestExecutionListener@fec48ec, org.springframework.test.context.event.ApplicationEventsTestExecutionListener@be73bbd, org.springframework.boot.test.mock.mockito.MockitoTestExecutionListener@223f8c82, org.springframework.boot.test.autoconfigure.SpringBootDependencyInjectionTestExecutionListener@33d95295, org.springframework.test.context.support.DirtiesContextTestExecutionListener@5e1fd72a, org.springframework.test.context.transaction.TransactionalTestExecutionListener@6c173587, org.springframework.test.context.jdbc.SqlScriptsTestExecutionListener@3212ff1b, org.springframework.test.context.event.EventPublishingTestExecutionListener@4ba64e36, org.springframework.boot.test.autoconfigure.restdocs.RestDocsTestExecutionListener@6ba076ef, org.springframework.boot.test.autoconfigure.web.client.MockRestServiceServerResetTestExecutionListener@3ececd11, org.springframework.boot.test.autoconfigure.web.servlet.MockMvcPrintOnlyOnFailureTestExecutionListener@1b8117f4, org.springframework.boot.test.autoconfigure.web.servlet.WebDriverTestExecutionListener@62af3d4c, org.springframework.boot.test.autoconfigure.webservices.client.MockWebServiceServerTestExecutionListener@ad038f8, org.springframework.boot.test.mock.mockito.ResetMocksTestExecutionListener@42becaf6]

  .   ____          _            __ _ _
 /\\ / ___'_ __ _ _(_)_ __  __ _ \ \ \ \
( ( )\___ | '_ | '_| | '_ \/ _` | \ \ \ \
 \\/  ___)| |_)| | | | | || (_| |  ) ) ) )
  '  |____| .__|_| |_|_| |_\__, | / / / /
 =========|_|==============|___/=/_/_/_/
 :: Spring Boot ::                (v2.6.4)

2022-03-22 10:17:22.820  INFO 5964 --- [    Test worker] c.p.c.a.controllers.PriceControllerTest  : Starting PriceControllerTest using Java 11.0.12 on DESKTOP-IUPB6SR with PID 5964 (started by abrit in D:\GitHub\ms-price-core)
2022-03-22 10:17:22.821  INFO 5964 --- [    Test worker] c.p.c.a.controllers.PriceControllerTest  : No active profile set, falling back to 1 default profile: "default"
2022-03-22 10:17:23.769  INFO 5964 --- [    Test worker] o.s.b.t.m.w.SpringBootMockServletContext : Initializing Spring TestDispatcherServlet ''
2022-03-22 10:17:23.770  INFO 5964 --- [    Test worker] o.s.t.web.servlet.TestDispatcherServlet  : Initializing Servlet ''
2022-03-22 10:17:23.771  INFO 5964 --- [    Test worker] o.s.t.web.servlet.TestDispatcherServlet  : Completed initialization in 1 ms
2022-03-22 10:17:23.797  INFO 5964 --- [    Test worker] c.p.c.a.controllers.PriceControllerTest  : Started PriceControllerTest in 1.031 seconds (JVM running for 22.504)
2022-03-22 10:17:24.012 ERROR 5964 --- [    Test worker] c.p.core.config.exceptions.ErrorHandler  : null

MockHttpServletRequest:
      HTTP Method = GET
      Request URI = /api/v1.0/price
       Parameters = {productId=[1], brandId=[1], applicationDate=[2020-06-15 11:00:00]}
          Headers = []
             Body = null
    Session Attrs = {}

Handler:
             Type = cl.price.core.adapters.controllers.PriceController
           Method = cl.price.core.adapters.controllers.PriceController#queryPrice(Long, LocalDateTime, Long)

Async:
    Async started = false
     Async result = null

Resolved Exception:
             Type = cl.price.core.config.exceptions.ResourceNotFoundException

ModelAndView:
        View name = null
             View = null
            Model = null

FlashMap:
       Attributes = null

MockHttpServletResponse:
           Status = 404
    Error message = null
          Headers = [Content-Type:"application/json"]
     Content type = application/json
             Body = {"requestUrl":"/api/v1.0/price","errorMessage":null,"methodHttp":"GET"}
    Forwarded URL = null
   Redirected URL = null
          Cookies = []
2022-03-22 10:17:24.231 ERROR 5964 --- [    Test worker] c.p.core.config.exceptions.ErrorHandler  : Failed to convert value of type 'java.lang.String' to required type 'java.lang.Long'; nested exception is java.lang.NumberFormatException: For input string: "abc"

MockHttpServletRequest:
      HTTP Method = GET
      Request URI = /api/v1.0/price
       Parameters = {productId=[abc], brandId=[1], applicationDate=[2020-06-15 11:00:00]}
          Headers = []
             Body = null
    Session Attrs = {}

Handler:
             Type = cl.price.core.adapters.controllers.PriceController
           Method = cl.price.core.adapters.controllers.PriceController#queryPrice(Long, LocalDateTime, Long)

Async:
    Async started = false
     Async result = null

Resolved Exception:
             Type = org.springframework.web.method.annotation.MethodArgumentTypeMismatchException

ModelAndView:
        View name = null
             View = null
            Model = null

FlashMap:
       Attributes = null

MockHttpServletResponse:
           Status = 400
    Error message = null
          Headers = [Content-Type:"application/json"]
     Content type = application/json
             Body = {"requestUrl":"/api/v1.0/price","errorMessage":"Invalid value for field productId, value: abc","methodHttp":"GET"}
    Forwarded URL = null
   Redirected URL = null
          Cookies = []

MockHttpServletRequest:
      HTTP Method = GET
      Request URI = /api/v1.0/price
       Parameters = {productId=[1], brandId=[1], applicationDate=[2020-06-15 11:00:00]}
          Headers = []
             Body = null
    Session Attrs = {}

Handler:
             Type = cl.price.core.adapters.controllers.PriceController
           Method = cl.price.core.adapters.controllers.PriceController#queryPrice(Long, LocalDateTime, Long)

Async:
    Async started = false
     Async result = null

Resolved Exception:
             Type = null

ModelAndView:
        View name = null
             View = null
            Model = null

FlashMap:
       Attributes = null

MockHttpServletResponse:
           Status = 200
    Error message = null
          Headers = [Content-Type:"application/json"]
     Content type = application/json
             Body = {"productId":35455,"brandId":1,"priceList":3,"applicationDate":"2020-06-15T11:00:00","price":30.50}
    Forwarded URL = null
   Redirected URL = null
          Cookies = []
2022-03-22 10:17:24.374 ERROR 5964 --- [    Test worker] c.p.core.config.exceptions.ErrorHandler  : null

MockHttpServletRequest:
      HTTP Method = GET
      Request URI = /api/v1.0/price
       Parameters = {productId=[1], brandId=[1], applicationDate=[2020-06-15 11:00:00]}
          Headers = []
             Body = null
    Session Attrs = {}

Handler:
             Type = cl.price.core.adapters.controllers.PriceController
           Method = cl.price.core.adapters.controllers.PriceController#queryPrice(Long, LocalDateTime, Long)

Async:
    Async started = false
     Async result = null

Resolved Exception:
             Type = cl.price.core.config.exceptions.GenericException

ModelAndView:
        View name = null
             View = null
            Model = null

FlashMap:
       Attributes = null

MockHttpServletResponse:
           Status = 500
    Error message = null
          Headers = [Content-Type:"application/json"]
     Content type = application/json
             Body = {"requestUrl":"/api/v1.0/price","errorMessage":"Internal server error, please contact with the administrator","methodHttp":"GET"}
    Forwarded URL = null
   Redirected URL = null
          Cookies = []
2022-03-22 10:17:24.392 ERROR 5964 --- [    Test worker] c.p.core.config.exceptions.ErrorHandler  : Required request parameter 'productId' for method parameter type Long is not present

MockHttpServletRequest:
      HTTP Method = GET
      Request URI = /api/v1.0/price
       Parameters = {brandId=[1], applicationDate=[2020-06-15 11:00:00]}
          Headers = []
             Body = null
    Session Attrs = {}

Handler:
             Type = cl.price.core.adapters.controllers.PriceController
           Method = cl.price.core.adapters.controllers.PriceController#queryPrice(Long, LocalDateTime, Long)

Async:
    Async started = false
     Async result = null

Resolved Exception:
             Type = org.springframework.web.bind.MissingServletRequestParameterException

ModelAndView:
        View name = null
             View = null
            Model = null

FlashMap:
       Attributes = null

MockHttpServletResponse:
           Status = 400
    Error message = null
          Headers = [Content-Type:"application/json"]
     Content type = application/json
             Body = {"requestUrl":"/api/v1.0/price","errorMessage":"Param productId not is present","methodHttp":"GET"}
    Forwarded URL = null
   Redirected URL = null
          Cookies = []
]]></system-out>
  <system-err><![CDATA[]]></system-err>
</testsuite>
