<?xml version="1.0" encoding="UTF-8"?>
<testsuite name="cl.price.core.adapters.jdbc.PriceJdbcAdapterTest" tests="3" skipped="0" failures="0" errors="0" timestamp="2022-03-22T13:10:44" hostname="DESKTOP-IUPB6SR" time="0.241">
  <properties/>
  <testcase name="whenFindPriceByProductIdAndBrandIdAndApplicationDateIsOk()" classname="cl.price.core.adapters.jdbc.PriceJdbcAdapterTest" time="0.233"/>
  <testcase name="whenFindPriceByProductIdAndBrandIdAndApplicationDateGenericError()" classname="cl.price.core.adapters.jdbc.PriceJdbcAdapterTest" time="0.004"/>
  <testcase name="whenFindPriceByProductIdAndBrandIdAndApplicationDateNotFound()" classname="cl.price.core.adapters.jdbc.PriceJdbcAdapterTest" time="0.002"/>
  <system-out><![CDATA[]]></system-out>
  <system-err><![CDATA[]]></system-err>
</testsuite>
