<?xml version="1.0" encoding="UTF-8"?>
<testsuite name="cl.price.core.adapters.jdbc.repositories.PriceJpaRepositoryTest" tests="2" skipped="0" failures="0" errors="0" timestamp="2022-03-22T13:17:25" hostname="DESKTOP-IUPB6SR" time="0.305">
  <properties/>
  <testcase name="whenFindPriceProductIsOk()" classname="cl.price.core.adapters.jdbc.repositories.PriceJpaRepositoryTest" time="0.286"/>
  <testcase name="whenFindPriceProductIsEmpty()" classname="cl.price.core.adapters.jdbc.repositories.PriceJpaRepositoryTest" time="0.017"/>
  <system-out><![CDATA[2022-03-22 10:17:24.667  INFO 5964 --- [    Test worker] b.t.a.o.j.DataJpaTestContextBootstrapper : Neither @ContextConfiguration nor @ContextHierarchy found for test class [cl.price.core.adapters.jdbc.repositories.PriceJpaRepositoryTest], using SpringBootContextLoader
2022-03-22 10:17:24.669  INFO 5964 --- [    Test worker] o.s.t.c.support.AbstractContextLoader    : Could not detect default resource locations for test class [cl.price.core.adapters.jdbc.repositories.PriceJpaRepositoryTest]: no resource found for suffixes {-context.xml, Context.groovy}.
2022-03-22 10:17:24.669  INFO 5964 --- [    Test worker] t.c.s.AnnotationConfigContextLoaderUtils : Could not detect default configuration classes for test class [cl.price.core.adapters.jdbc.repositories.PriceJpaRepositoryTest]: PriceJpaRepositoryTest does not declare any static, non-private, non-final, nested classes annotated with @Configuration.
2022-03-22 10:17:24.686  INFO 5964 --- [    Test worker] .b.t.c.SpringBootTestContextBootstrapper : Found @SpringBootConfiguration cl.price.core.Application for test class cl.price.core.adapters.jdbc.repositories.PriceJpaRepositoryTest
2022-03-22 10:17:24.688  INFO 5964 --- [    Test worker] b.t.a.o.j.DataJpaTestContextBootstrapper : Loaded default TestExecutionListener class names from location [META-INF/spring.factories]: [org.springframework.boot.test.autoconfigure.restdocs.RestDocsTestExecutionListener, org.springframework.boot.test.autoconfigure.web.client.MockRestServiceServerResetTestExecutionListener, org.springframework.boot.test.autoconfigure.web.servlet.MockMvcPrintOnlyOnFailureTestExecutionListener, org.springframework.boot.test.autoconfigure.web.servlet.WebDriverTestExecutionListener, org.springframework.boot.test.autoconfigure.webservices.client.MockWebServiceServerTestExecutionListener, org.springframework.boot.test.mock.mockito.MockitoTestExecutionListener, org.springframework.boot.test.mock.mockito.ResetMocksTestExecutionListener, org.springframework.test.context.web.ServletTestExecutionListener, org.springframework.test.context.support.DirtiesContextBeforeModesTestExecutionListener, org.springframework.test.context.event.ApplicationEventsTestExecutionListener, org.springframework.test.context.support.DependencyInjectionTestExecutionListener, org.springframework.test.context.support.DirtiesContextTestExecutionListener, org.springframework.test.context.transaction.TransactionalTestExecutionListener, org.springframework.test.context.jdbc.SqlScriptsTestExecutionListener, org.springframework.test.context.event.EventPublishingTestExecutionListener]
2022-03-22 10:17:24.689  INFO 5964 --- [    Test worker] b.t.a.o.j.DataJpaTestContextBootstrapper : Using TestExecutionListeners: [org.springframework.test.context.web.ServletTestExecutionListener@11f8bff1, org.springframework.test.context.support.DirtiesContextBeforeModesTestExecutionListener@3fb2306, org.springframework.test.context.event.ApplicationEventsTestExecutionListener@5531484a, org.springframework.boot.test.mock.mockito.MockitoTestExecutionListener@99caac2, org.springframework.boot.test.autoconfigure.SpringBootDependencyInjectionTestExecutionListener@5dcf8b37, org.springframework.test.context.support.DirtiesContextTestExecutionListener@776609b, org.springframework.test.context.transaction.TransactionalTestExecutionListener@58da1b27, org.springframework.test.context.jdbc.SqlScriptsTestExecutionListener@347c6044, org.springframework.test.context.event.EventPublishingTestExecutionListener@154bc3cf, org.springframework.boot.test.autoconfigure.restdocs.RestDocsTestExecutionListener@210d1b45, org.springframework.boot.test.autoconfigure.web.client.MockRestServiceServerResetTestExecutionListener@29862f60, org.springframework.boot.test.autoconfigure.web.servlet.MockMvcPrintOnlyOnFailureTestExecutionListener@7e2f1454, org.springframework.boot.test.autoconfigure.web.servlet.WebDriverTestExecutionListener@35b1e5e5, org.springframework.boot.test.autoconfigure.webservices.client.MockWebServiceServerTestExecutionListener@7caf0725, org.springframework.boot.test.mock.mockito.ResetMocksTestExecutionListener@644acaff]

  .   ____          _            __ _ _
 /\\ / ___'_ __ _ _(_)_ __  __ _ \ \ \ \
( ( )\___ | '_ | '_| | '_ \/ _` | \ \ \ \
 \\/  ___)| |_)| | | | | || (_| |  ) ) ) )
  '  |____| .__|_| |_|_| |_\__, | / / / /
 =========|_|==============|___/=/_/_/_/
 :: Spring Boot ::                (v2.6.4)

2022-03-22 10:17:24.730  INFO 5964 --- [    Test worker] c.p.c.a.j.r.PriceJpaRepositoryTest       : Starting PriceJpaRepositoryTest using Java 11.0.12 on DESKTOP-IUPB6SR with PID 5964 (started by abrit in D:\GitHub\ms-price-core)
2022-03-22 10:17:24.730  INFO 5964 --- [    Test worker] c.p.c.a.j.r.PriceJpaRepositoryTest       : No active profile set, falling back to 1 default profile: "default"
2022-03-22 10:17:24.908  INFO 5964 --- [    Test worker] .s.d.r.c.RepositoryConfigurationDelegate : Bootstrapping Spring Data JPA repositories in DEFAULT mode.
2022-03-22 10:17:24.928  INFO 5964 --- [    Test worker] .s.d.r.c.RepositoryConfigurationDelegate : Finished Spring Data repository scanning in 20 ms. Found 1 JPA repository interfaces.
2022-03-22 10:17:24.953  INFO 5964 --- [    Test worker] beddedDataSourceBeanFactoryPostProcessor : Replacing 'dataSource' DataSource bean with embedded version
2022-03-22 10:17:25.038  INFO 5964 --- [    Test worker] o.s.j.d.e.EmbeddedDatabaseFactory        : Starting embedded database: url='jdbc:h2:mem:ba9b1755-bbd6-46a2-86a1-e5930942592f;DB_CLOSE_DELAY=-1;DB_CLOSE_ON_EXIT=false', username='sa'
2022-03-22 10:17:25.119  INFO 5964 --- [    Test worker] o.hibernate.jpa.internal.util.LogHelper  : HHH000204: Processing PersistenceUnitInfo [name: default]
2022-03-22 10:17:25.131  INFO 5964 --- [    Test worker] org.hibernate.dialect.Dialect            : HHH000400: Using dialect: org.hibernate.dialect.H2Dialect
Hibernate: drop table if exists prices CASCADE 
Hibernate: create table prices (id bigint generated by default as identity, brand_id bigint, currency varchar(3), end_date timestamp, price decimal(8,2), price_list bigint, priority integer, product_id bigint, start_date timestamp, primary key (id))
2022-03-22 10:17:25.193  INFO 5964 --- [    Test worker] o.h.t.schema.internal.SchemaCreatorImpl  : HHH000476: Executing import script 'file:/D:/GitHub/ms-price-core/build/resources/main/import.sql'
Hibernate: INSERT INTO prices (brand_id, start_date, end_date, price_list, product_id, priority, price, currency) VALUES(1, '2020-06-14 00:00:00', '2020-12-31 23:59:59', 1, 35455, 0, 35.50, 'EUR')
Hibernate: INSERT INTO prices (brand_id, start_date, end_date, price_list, product_id, priority, price, currency) VALUES(1, '2020-06-14 15:00:00', '2020-06-14 18:30:00', 2, 35455, 1, 25.45, 'EUR')
Hibernate: INSERT INTO prices (brand_id, start_date, end_date, price_list, product_id, priority, price, currency) VALUES(1, '2020-06-15 00:00:00', '2020-06-15 11:00:00', 3, 35455, 1, 30.50, 'EUR')
Hibernate: INSERT INTO prices (brand_id, start_date, end_date, price_list, product_id, priority, price, currency) VALUES(1, '2020-06-15 16:00:00', '2020-12-31 23:59:59', 4, 35455, 1, 38.95, 'EUR')
2022-03-22 10:17:25.198  INFO 5964 --- [    Test worker] o.h.e.t.j.p.i.JtaPlatformInitiator       : HHH000490: Using JtaPlatform implementation: [org.hibernate.engine.transaction.jta.platform.internal.NoJtaPlatform]
2022-03-22 10:17:25.199  INFO 5964 --- [    Test worker] j.LocalContainerEntityManagerFactoryBean : Initialized JPA EntityManagerFactory for persistence unit 'default'
2022-03-22 10:17:25.409  INFO 5964 --- [    Test worker] c.p.c.a.j.r.PriceJpaRepositoryTest       : Started PriceJpaRepositoryTest in 0.716 seconds (JVM running for 24.116)
2022-03-22 10:17:25.444  INFO 5964 --- [    Test worker] o.s.t.c.transaction.TransactionContext   : Began transaction (1) for test context [DefaultTestContext@6342aaab testClass = PriceJpaRepositoryTest, testInstance = cl.price.core.adapters.jdbc.repositories.PriceJpaRepositoryTest@223a5a4b, testMethod = whenFindPriceProductIsOk@PriceJpaRepositoryTest, testException = [null], mergedContextConfiguration = [MergedContextConfiguration@4cd39c01 testClass = PriceJpaRepositoryTest, locations = '{}', classes = '{class cl.price.core.Application}', contextInitializerClasses = '[]', activeProfiles = '{}', propertySourceLocations = '{}', propertySourceProperties = '{org.springframework.boot.test.autoconfigure.orm.jpa.DataJpaTestContextBootstrapper=true}', contextCustomizers = set[org.springframework.boot.test.autoconfigure.OverrideAutoConfigurationContextCustomizerFactory$DisableAutoConfigurationContextCustomizer@1c175d38, org.springframework.boot.test.autoconfigure.actuate.metrics.MetricsExportContextCustomizerFactory$DisableMetricExportContextCustomizer@20723ee, org.springframework.boot.test.autoconfigure.filter.TypeExcludeFiltersContextCustomizer@351584c0, org.springframework.boot.test.autoconfigure.properties.PropertyMappingContextCustomizer@f5e74a5f, org.springframework.boot.test.autoconfigure.web.servlet.WebDriverContextCustomizerFactory$Customizer@18be3205, [ImportsContextCustomizer@4a7c88f2 key = [org.springframework.boot.autoconfigure.cache.CacheAutoConfiguration, org.springframework.boot.autoconfigure.data.jpa.JpaRepositoriesAutoConfiguration, org.springframework.boot.autoconfigure.flyway.FlywayAutoConfiguration, org.springframework.boot.autoconfigure.jdbc.DataSourceAutoConfiguration, org.springframework.boot.autoconfigure.jdbc.DataSourceTransactionManagerAutoConfiguration, org.springframework.boot.autoconfigure.jdbc.JdbcTemplateAutoConfiguration, org.springframework.boot.autoconfigure.liquibase.LiquibaseAutoConfiguration, org.springframework.boot.autoconfigure.orm.jpa.HibernateJpaAutoConfiguration, org.springframework.boot.autoconfigure.sql.init.SqlInitializationAutoConfiguration, org.springframework.boot.autoconfigure.transaction.TransactionAutoConfiguration, org.springframework.boot.test.autoconfigure.jdbc.TestDatabaseAutoConfiguration, org.springframework.boot.test.autoconfigure.orm.jpa.TestEntityManagerAutoConfiguration]], org.springframework.boot.test.context.filter.ExcludeFilterContextCustomizer@7bdb4d69, org.springframework.boot.test.json.DuplicateJsonObjectContextCustomizerFactory$DuplicateJsonObjectContextCustomizer@180f33b2, org.springframework.boot.test.mock.mockito.MockitoContextCustomizer@0, org.springframework.boot.test.context.SpringBootTestArgs@1, org.springframework.boot.test.context.SpringBootTestWebEnvironment@0], contextLoader = 'org.springframework.boot.test.context.SpringBootContextLoader', parent = [null]], attributes = map['org.springframework.test.context.event.ApplicationEventsTestExecutionListener.recordApplicationEvents' -> false]]; transaction manager [org.springframework.orm.jpa.JpaTransactionManager@6ee0bfee]; rollback [true]
Hibernate: select top(1) prices.* from prices where prices.brand_id= ? and prices.product_id= ? and ? BETWEEN prices.start_date AND prices.end_date order by prices.priority desc
2022-03-22 10:17:25.699  INFO 5964 --- [    Test worker] o.s.t.c.transaction.TransactionContext   : Rolled back transaction for test: [DefaultTestContext@6342aaab testClass = PriceJpaRepositoryTest, testInstance = cl.price.core.adapters.jdbc.repositories.PriceJpaRepositoryTest@223a5a4b, testMethod = whenFindPriceProductIsOk@PriceJpaRepositoryTest, testException = [null], mergedContextConfiguration = [MergedContextConfiguration@4cd39c01 testClass = PriceJpaRepositoryTest, locations = '{}', classes = '{class cl.price.core.Application}', contextInitializerClasses = '[]', activeProfiles = '{}', propertySourceLocations = '{}', propertySourceProperties = '{org.springframework.boot.test.autoconfigure.orm.jpa.DataJpaTestContextBootstrapper=true}', contextCustomizers = set[org.springframework.boot.test.autoconfigure.OverrideAutoConfigurationContextCustomizerFactory$DisableAutoConfigurationContextCustomizer@1c175d38, org.springframework.boot.test.autoconfigure.actuate.metrics.MetricsExportContextCustomizerFactory$DisableMetricExportContextCustomizer@20723ee, org.springframework.boot.test.autoconfigure.filter.TypeExcludeFiltersContextCustomizer@351584c0, org.springframework.boot.test.autoconfigure.properties.PropertyMappingContextCustomizer@f5e74a5f, org.springframework.boot.test.autoconfigure.web.servlet.WebDriverContextCustomizerFactory$Customizer@18be3205, [ImportsContextCustomizer@4a7c88f2 key = [org.springframework.boot.autoconfigure.cache.CacheAutoConfiguration, org.springframework.boot.autoconfigure.data.jpa.JpaRepositoriesAutoConfiguration, org.springframework.boot.autoconfigure.flyway.FlywayAutoConfiguration, org.springframework.boot.autoconfigure.jdbc.DataSourceAutoConfiguration, org.springframework.boot.autoconfigure.jdbc.DataSourceTransactionManagerAutoConfiguration, org.springframework.boot.autoconfigure.jdbc.JdbcTemplateAutoConfiguration, org.springframework.boot.autoconfigure.liquibase.LiquibaseAutoConfiguration, org.springframework.boot.autoconfigure.orm.jpa.HibernateJpaAutoConfiguration, org.springframework.boot.autoconfigure.sql.init.SqlInitializationAutoConfiguration, org.springframework.boot.autoconfigure.transaction.TransactionAutoConfiguration, org.springframework.boot.test.autoconfigure.jdbc.TestDatabaseAutoConfiguration, org.springframework.boot.test.autoconfigure.orm.jpa.TestEntityManagerAutoConfiguration]], org.springframework.boot.test.context.filter.ExcludeFilterContextCustomizer@7bdb4d69, org.springframework.boot.test.json.DuplicateJsonObjectContextCustomizerFactory$DuplicateJsonObjectContextCustomizer@180f33b2, org.springframework.boot.test.mock.mockito.MockitoContextCustomizer@0, org.springframework.boot.test.context.SpringBootTestArgs@1, org.springframework.boot.test.context.SpringBootTestWebEnvironment@0], contextLoader = 'org.springframework.boot.test.context.SpringBootContextLoader', parent = [null]], attributes = map['org.springframework.test.context.event.ApplicationEventsTestExecutionListener.recordApplicationEvents' -> false]]
2022-03-22 10:17:25.704  INFO 5964 --- [    Test worker] o.s.t.c.transaction.TransactionContext   : Began transaction (1) for test context [DefaultTestContext@6342aaab testClass = PriceJpaRepositoryTest, testInstance = cl.price.core.adapters.jdbc.repositories.PriceJpaRepositoryTest@31b07a16, testMethod = whenFindPriceProductIsEmpty@PriceJpaRepositoryTest, testException = [null], mergedContextConfiguration = [MergedContextConfiguration@4cd39c01 testClass = PriceJpaRepositoryTest, locations = '{}', classes = '{class cl.price.core.Application}', contextInitializerClasses = '[]', activeProfiles = '{}', propertySourceLocations = '{}', propertySourceProperties = '{org.springframework.boot.test.autoconfigure.orm.jpa.DataJpaTestContextBootstrapper=true}', contextCustomizers = set[org.springframework.boot.test.autoconfigure.OverrideAutoConfigurationContextCustomizerFactory$DisableAutoConfigurationContextCustomizer@1c175d38, org.springframework.boot.test.autoconfigure.actuate.metrics.MetricsExportContextCustomizerFactory$DisableMetricExportContextCustomizer@20723ee, org.springframework.boot.test.autoconfigure.filter.TypeExcludeFiltersContextCustomizer@351584c0, org.springframework.boot.test.autoconfigure.properties.PropertyMappingContextCustomizer@f5e74a5f, org.springframework.boot.test.autoconfigure.web.servlet.WebDriverContextCustomizerFactory$Customizer@18be3205, [ImportsContextCustomizer@4a7c88f2 key = [org.springframework.boot.autoconfigure.cache.CacheAutoConfiguration, org.springframework.boot.autoconfigure.data.jpa.JpaRepositoriesAutoConfiguration, org.springframework.boot.autoconfigure.flyway.FlywayAutoConfiguration, org.springframework.boot.autoconfigure.jdbc.DataSourceAutoConfiguration, org.springframework.boot.autoconfigure.jdbc.DataSourceTransactionManagerAutoConfiguration, org.springframework.boot.autoconfigure.jdbc.JdbcTemplateAutoConfiguration, org.springframework.boot.autoconfigure.liquibase.LiquibaseAutoConfiguration, org.springframework.boot.autoconfigure.orm.jpa.HibernateJpaAutoConfiguration, org.springframework.boot.autoconfigure.sql.init.SqlInitializationAutoConfiguration, org.springframework.boot.autoconfigure.transaction.TransactionAutoConfiguration, org.springframework.boot.test.autoconfigure.jdbc.TestDatabaseAutoConfiguration, org.springframework.boot.test.autoconfigure.orm.jpa.TestEntityManagerAutoConfiguration]], org.springframework.boot.test.context.filter.ExcludeFilterContextCustomizer@7bdb4d69, org.springframework.boot.test.json.DuplicateJsonObjectContextCustomizerFactory$DuplicateJsonObjectContextCustomizer@180f33b2, org.springframework.boot.test.mock.mockito.MockitoContextCustomizer@0, org.springframework.boot.test.context.SpringBootTestArgs@1, org.springframework.boot.test.context.SpringBootTestWebEnvironment@0], contextLoader = 'org.springframework.boot.test.context.SpringBootContextLoader', parent = [null]], attributes = map['org.springframework.test.context.event.ApplicationEventsTestExecutionListener.recordApplicationEvents' -> false]]; transaction manager [org.springframework.orm.jpa.JpaTransactionManager@6ee0bfee]; rollback [true]
Hibernate: select top(1) prices.* from prices where prices.brand_id= ? and prices.product_id= ? and ? BETWEEN prices.start_date AND prices.end_date order by prices.priority desc
2022-03-22 10:17:25.718  INFO 5964 --- [    Test worker] o.s.t.c.transaction.TransactionContext   : Rolled back transaction for test: [DefaultTestContext@6342aaab testClass = PriceJpaRepositoryTest, testInstance = cl.price.core.adapters.jdbc.repositories.PriceJpaRepositoryTest@31b07a16, testMethod = whenFindPriceProductIsEmpty@PriceJpaRepositoryTest, testException = [null], mergedContextConfiguration = [MergedContextConfiguration@4cd39c01 testClass = PriceJpaRepositoryTest, locations = '{}', classes = '{class cl.price.core.Application}', contextInitializerClasses = '[]', activeProfiles = '{}', propertySourceLocations = '{}', propertySourceProperties = '{org.springframework.boot.test.autoconfigure.orm.jpa.DataJpaTestContextBootstrapper=true}', contextCustomizers = set[org.springframework.boot.test.autoconfigure.OverrideAutoConfigurationContextCustomizerFactory$DisableAutoConfigurationContextCustomizer@1c175d38, org.springframework.boot.test.autoconfigure.actuate.metrics.MetricsExportContextCustomizerFactory$DisableMetricExportContextCustomizer@20723ee, org.springframework.boot.test.autoconfigure.filter.TypeExcludeFiltersContextCustomizer@351584c0, org.springframework.boot.test.autoconfigure.properties.PropertyMappingContextCustomizer@f5e74a5f, org.springframework.boot.test.autoconfigure.web.servlet.WebDriverContextCustomizerFactory$Customizer@18be3205, [ImportsContextCustomizer@4a7c88f2 key = [org.springframework.boot.autoconfigure.cache.CacheAutoConfiguration, org.springframework.boot.autoconfigure.data.jpa.JpaRepositoriesAutoConfiguration, org.springframework.boot.autoconfigure.flyway.FlywayAutoConfiguration, org.springframework.boot.autoconfigure.jdbc.DataSourceAutoConfiguration, org.springframework.boot.autoconfigure.jdbc.DataSourceTransactionManagerAutoConfiguration, org.springframework.boot.autoconfigure.jdbc.JdbcTemplateAutoConfiguration, org.springframework.boot.autoconfigure.liquibase.LiquibaseAutoConfiguration, org.springframework.boot.autoconfigure.orm.jpa.HibernateJpaAutoConfiguration, org.springframework.boot.autoconfigure.sql.init.SqlInitializationAutoConfiguration, org.springframework.boot.autoconfigure.transaction.TransactionAutoConfiguration, org.springframework.boot.test.autoconfigure.jdbc.TestDatabaseAutoConfiguration, org.springframework.boot.test.autoconfigure.orm.jpa.TestEntityManagerAutoConfiguration]], org.springframework.boot.test.context.filter.ExcludeFilterContextCustomizer@7bdb4d69, org.springframework.boot.test.json.DuplicateJsonObjectContextCustomizerFactory$DuplicateJsonObjectContextCustomizer@180f33b2, org.springframework.boot.test.mock.mockito.MockitoContextCustomizer@0, org.springframework.boot.test.context.SpringBootTestArgs@1, org.springframework.boot.test.context.SpringBootTestWebEnvironment@0], contextLoader = 'org.springframework.boot.test.context.SpringBootContextLoader', parent = [null]], attributes = map['org.springframework.test.context.event.ApplicationEventsTestExecutionListener.recordApplicationEvents' -> false]]
]]></system-out>
  <system-err><![CDATA[]]></system-err>
</testsuite>
