<?xml version="1.0" encoding="UTF-8"?>
<testsuite name="cl.price.core.application.usecases.GetProductPriceUseCaseTest" tests="3" skipped="0" failures="0" errors="0" timestamp="2022-03-22T13:10:45" hostname="DESKTOP-IUPB6SR" time="0.028">
  <properties/>
  <testcase name="When GetProductPriceUseCaseTest is called execute should return a response ok with a product" classname="cl.price.core.application.usecases.GetProductPriceUseCaseTest" time="0.02"/>
  <testcase name="When GetProductPriceUseCaseTest is called execute should return a error not found" classname="cl.price.core.application.usecases.GetProductPriceUseCaseTest" time="0.003"/>
  <testcase name="When GetProductPriceUseCaseTest is called execute should return a generic exception" classname="cl.price.core.application.usecases.GetProductPriceUseCaseTest" time="0.003"/>
  <system-out><![CDATA[]]></system-out>
  <system-err><![CDATA[]]></system-err>
</testsuite>
